<?xml version="1.0" encoding="UTF-8"?>
<testng-results skipped="0" failed="0" ignored="5" total="7" passed="2">
  <reporter-output>
  </reporter-output>
  <suite name="Default suite" duration-ms="48293" started-at="2020-07-20T03:26:23 PDT" finished-at="2020-07-20T03:27:11 PDT">
    <groups>
    </groups>
    <test name="Default test" duration-ms="48293" started-at="2020-07-20T03:26:23 PDT" finished-at="2020-07-20T03:27:11 PDT">
      <class name="EEExecution.ExecuteCases">
        <test-method status="PASS" signature="Initialize()[pri:0, instance:EEExecution.ExecuteCases@a74868d]" name="Initialize" is-config="true" duration-ms="15309" started-at="2020-07-20T03:26:23 PDT" finished-at="2020-07-20T03:26:38 PDT">
          <reporter-output>
          </reporter-output>
        </test-method> <!-- Initialize -->
        <test-method status="PASS" signature="ValidateLogin()[pri:0, instance:EEExecution.ExecuteCases@a74868d]" name="ValidateLogin" duration-ms="14654" started-at="2020-07-20T03:26:38 PDT" finished-at="2020-07-20T03:26:53 PDT">
          <reporter-output>
          </reporter-output>
        </test-method> <!-- ValidateLogin -->
        <test-method status="PASS" signature="createPurchaseOrder()[pri:0, instance:EEExecution.ExecuteCases@a74868d]" name="createPurchaseOrder" duration-ms="17417" started-at="2020-07-20T03:26:53 PDT" finished-at="2020-07-20T03:27:10 PDT">
          <reporter-output>
          </reporter-output>
        </test-method> <!-- createPurchaseOrder -->
        <test-method status="PASS" signature="closeApp()[pri:0, instance:EEExecution.ExecuteCases@a74868d]" name="closeApp" is-config="true" duration-ms="733" started-at="2020-07-20T03:27:10 PDT" finished-at="2020-07-20T03:27:11 PDT">
          <reporter-output>
          </reporter-output>
        </test-method> <!-- closeApp -->
      </class> <!-- EEExecution.ExecuteCases -->
    </test> <!-- Default test -->
  </suite> <!-- Default suite -->
</testng-results>
