<?xml version="1.0" encoding="UTF-8"?>
<!-- Generated by org.testng.reporters.JUnitXMLReporter -->
<testsuite hostname="PIS031" ignored="5" name="Default test" tests="2" failures="0" timestamp="2020-07-20T03:27:11 PDT" time="48.293" errors="0">
  <testcase name="ValidateLogin" time="14.654" classname="EEExecution.ExecuteCases"/>
  <testcase name="createPurchaseOrder" time="17.417" classname="EEExecution.ExecuteCases"/>
  <testcase name="createPassword" time="0.0" classname="EEExecution.ExecuteCases">
    <ignored/>
  </testcase> <!-- createPassword -->
  <testcase name="generateReport" time="0.0" classname="EEExecution.ExecuteCases">
    <ignored/>
  </testcase> <!-- generateReport -->
  <testcase name="newEvent" time="0.0" classname="EEExecution.ExecuteCases">
    <ignored/>
  </testcase> <!-- newEvent -->
  <testcase name="addNewcontact" time="0.0" classname="EEExecution.ExecuteCases">
    <ignored/>
  </testcase> <!-- addNewcontact -->
  <testcase name="newTicket" time="0.0" classname="EEExecution.ExecuteCases">
    <ignored/>
  </testcase> <!-- newTicket -->
</testsuite> <!-- Default test -->
